<?xml version="1.0" encoding="UTF-8"?>
<!-- Generated by org.testng.reporters.JUnitReportReporter -->
<testsuite hostname="DELL" failures="0" tests="2" name="mytests.MyTestNgDemo" time="0.020" errors="0" timestamp="2023-07-21T12:59:07 IST" skipped="0">
  <testcase classname="mytests.MyTestNgDemo" name="testCase3" time="0.003"/>
  <system-out/>
  <testcase classname="mytests.MyTestNgDemo" name="testCase3" time="0.017"/>
  <system-out/>
</testsuite> <!-- mytests.MyTestNgDemo -->
