<?xml version="1.0" encoding="UTF-8"?>
<!-- Generated by org.testng.reporters.JUnitReportReporter -->
<testsuite hostname="DELL" failures="0" tests="1" name="mytests.TestNgDemo2" time="0.010" errors="0" timestamp="2023-07-24T12:57:25 IST" skipped="0">
  <testcase classname="mytests.TestNgDemo2" name="testCase2" time="0.010"/>
  <system-out/>
</testsuite> <!-- mytests.TestNgDemo2 -->
